<?xml version="1.0" encoding="UTF-8"?>
<testsuite xmlns:xsi="http://www.w3.org/2001/XMLSchema-instance" xsi:noNamespaceSchemaLocation="https://maven.apache.org/surefire/maven-surefire-plugin/xsd/surefire-test-report-3.0.xsd" version="3.0" name="com.talya.searchanalytics.web.AnalyticsControllerIntegrationTest" time="12.091" tests="1" errors="0" skipped="0" failures="0">
  <properties>
[...]
</properties>
  <testcase name="summaryEndpointResponds" classname="com.talya.searchanalytics.web.AnalyticsControllerIntegrationTest" time="0.733">
    <system-out><![CDATA[16:30:12.946 [main] DEBUG org.springframework.test.context.BootstrapUtils - Instantiating CacheAwareContextLoaderDelegate from class [org.springframework.test.context.cache.DefaultCacheAwareContextLoaderDelegate]
16:30:12.968 [main] DEBUG org.springframework.test.context.BootstrapUtils - Instantiating BootstrapContext using constructor [public org.springframework.test.context.support.DefaultBootstrapContext(java.lang.Class,org.springframework.test.context.CacheAwareContextLoaderDelegate)]
16:30:13.044 [main] DEBUG org.springframework.test.context.BootstrapUtils - Instantiating TestContextBootstrapper for test class [com.talya.searchanalytics.web.AnalyticsControllerIntegrationTest] from class [org.springframework.boot.test.context.SpringBootTestContextBootstrapper]
16:30:13.062 [main] INFO org.springframework.boot.test.context.SpringBootTestContextBootstrapper - Neither @ContextConfiguration nor @ContextHierarchy found for test class [com.talya.searchanalytics.web.AnalyticsControllerIntegrationTest], using SpringBootContextLoader
16:30:13.067 [main] DEBUG org.springframework.test.context.support.AbstractContextLoader - Did not detect default resource location for test class [com.talya.searchanalytics.web.AnalyticsControllerIntegrationTest]: class path resource [com/talya/searchanalytics/web/AnalyticsControllerIntegrationTest-context.xml] does not exist
16:30:13.068 [main] DEBUG org.springframework.test.context.support.AbstractContextLoader - Did not detect default resource location for test class [com.talya.searchanalytics.web.AnalyticsControllerIntegrationTest]: class path resource [com/talya/searchanalytics/web/AnalyticsControllerIntegrationTestContext.groovy] does not exist
16:30:13.068 [main] INFO org.springframework.test.context.support.AbstractContextLoader - Could not detect default resource locations for test class [com.talya.searchanalytics.web.AnalyticsControllerIntegrationTest]: no resource found for suffixes {-context.xml, Context.groovy}.
16:30:13.068 [main] INFO org.springframework.test.context.support.AnnotationConfigContextLoaderUtils - Could not detect default configuration classes for test class [com.talya.searchanalytics.web.AnalyticsControllerIntegrationTest]: AnalyticsControllerIntegrationTest does not declare any static, non-private, non-final, nested classes annotated with @Configuration.
16:30:13.152 [main] DEBUG org.springframework.test.context.support.ActiveProfilesUtils - Could not find an 'annotation declaring class' for annotation type [org.springframework.test.context.ActiveProfiles] and class [com.talya.searchanalytics.web.AnalyticsControllerIntegrationTest]
16:30:13.307 [main] DEBUG org.springframework.context.annotation.ClassPathScanningCandidateComponentProvider - Identified candidate component class: file [C:\Users\taly\search-analytics-service\target\classes\com\talya\searchanalytics\SearchAnalyticsApplication.class]
16:30:13.309 [main] INFO org.springframework.boot.test.context.SpringBootTestContextBootstrapper - Found @SpringBootConfiguration com.talya.searchanalytics.SearchAnalyticsApplication for test class com.talya.searchanalytics.web.AnalyticsControllerIntegrationTest
16:30:13.423 [main] DEBUG org.springframework.boot.test.context.SpringBootTestContextBootstrapper - @TestExecutionListeners is not present for class [com.talya.searchanalytics.web.AnalyticsControllerIntegrationTest]: using defaults.
16:30:13.424 [main] INFO org.springframework.boot.test.context.SpringBootTestContextBootstrapper - Loaded default TestExecutionListener class names from location [META-INF/spring.factories]: [org.springframework.boot.test.mock.mockito.MockitoTestExecutionListener, org.springframework.boot.test.mock.mockito.ResetMocksTestExecutionListener, org.springframework.boot.test.autoconfigure.restdocs.RestDocsTestExecutionListener, org.springframework.boot.test.autoconfigure.web.client.MockRestServiceServerResetTestExecutionListener, org.springframework.boot.test.autoconfigure.web.servlet.MockMvcPrintOnlyOnFailureTestExecutionListener, org.springframework.boot.test.autoconfigure.web.servlet.WebDriverTestExecutionListener, org.springframework.boot.test.autoconfigure.webservices.client.MockWebServiceServerTestExecutionListener, org.springframework.test.context.web.ServletTestExecutionListener, org.springframework.test.context.support.DirtiesContextBeforeModesTestExecutionListener, org.springframework.test.context.event.ApplicationEventsTestExecutionListener, org.springframework.test.context.support.DependencyInjectionTestExecutionListener, org.springframework.test.context.support.DirtiesContextTestExecutionListener, org.springframework.test.context.transaction.TransactionalTestExecutionListener, org.springframework.test.context.jdbc.SqlScriptsTestExecutionListener, org.springframework.test.context.event.EventPublishingTestExecutionListener]
16:30:13.441 [main] INFO org.springframework.boot.test.context.SpringBootTestContextBootstrapper - Using TestExecutionListeners: [org.springframework.test.context.web.ServletTestExecutionListener@67064bdc, org.springframework.test.context.support.DirtiesContextBeforeModesTestExecutionListener@4a7fd0c9, org.springframework.test.context.event.ApplicationEventsTestExecutionListener@18578491, org.springframework.boot.test.mock.mockito.MockitoTestExecutionListener@3291b443, org.springframework.boot.test.autoconfigure.SpringBootDependencyInjectionTestExecutionListener@671c4166, org.springframework.test.context.support.DirtiesContextTestExecutionListener@53d13cd4, org.springframework.test.context.transaction.TransactionalTestExecutionListener@77865933, org.springframework.test.context.jdbc.SqlScriptsTestExecutionListener@480ad82c, org.springframework.test.context.event.EventPublishingTestExecutionListener@4d18b73a, org.springframework.boot.test.mock.mockito.ResetMocksTestExecutionListener@177515d1, org.springframework.boot.test.autoconfigure.restdocs.RestDocsTestExecutionListener@52ff99cd, org.springframework.boot.test.autoconfigure.web.client.MockRestServiceServerResetTestExecutionListener@4c2af006, org.springframework.boot.test.autoconfigure.web.servlet.MockMvcPrintOnlyOnFailureTestExecutionListener@44032fde, org.springframework.boot.test.autoconfigure.web.servlet.WebDriverTestExecutionListener@7b676112, org.springframework.boot.test.autoconfigure.webservices.client.MockWebServiceServerTestExecutionListener@5578be42]
16:30:13.444 [main] DEBUG org.springframework.test.context.support.AbstractDirtiesContextTestExecutionListener - Before test class: context [DefaultTestContext@cda6019 testClass = AnalyticsControllerIntegrationTest, testInstance = [null], testMethod = [null], testException = [null], mergedContextConfiguration = [WebMergedContextConfiguration@797c3c3b testClass = AnalyticsControllerIntegrationTest, locations = '{}', classes = '{class com.talya.searchanalytics.SearchAnalyticsApplication}', contextInitializerClasses = '[]', activeProfiles = '{}', propertySourceLocations = '{}', propertySourceProperties = '{spring.datasource.url=jdbc:h2:mem:testdb;DB_CLOSE_DELAY=-1, spring.datasource.driver-class-name=org.h2.Driver, spring.datasource.username=sa, spring.datasource.password=, spring.jpa.hibernate.ddl-auto=create-drop, org.springframework.boot.test.context.SpringBootTestContextBootstrapper=true, server.port=0}', contextCustomizers = set[org.springframework.boot.test.context.filter.ExcludeFilterContextCustomizer@3f049056, org.springframework.boot.test.json.DuplicateJsonObjectContextCustomizerFactory$DuplicateJsonObjectContextCustomizer@4d1f1ff5, org.springframework.boot.test.mock.mockito.MockitoContextCustomizer@0, org.springframework.boot.test.web.client.TestRestTemplateContextCustomizer@61af1510, org.springframework.boot.test.autoconfigure.actuate.metrics.MetricsExportContextCustomizerFactory$DisableMetricExportContextCustomizer@47af099e, org.springframework.boot.test.autoconfigure.properties.PropertyMappingContextCustomizer@0, org.springframework.boot.test.autoconfigure.web.servlet.WebDriverContextCustomizerFactory$Customizer@4d192aef, org.springframework.boot.test.context.SpringBootTestArgs@1, org.springframework.boot.test.context.SpringBootTestWebEnvironment@5ef60048], resourceBasePath = 'src/main/webapp', contextLoader = 'org.springframework.boot.test.context.SpringBootContextLoader', parent = [null]], attributes = map['org.springframework.test.context.web.ServletTestExecutionListener.activateListener' -> false]], class annotated with @DirtiesContext [false] with mode [null].
16:30:13.455 [main] DEBUG org.springframework.test.context.support.DependencyInjectionTestExecutionListener - Performing dependency injection for test context [[DefaultTestContext@cda6019 testClass = AnalyticsControllerIntegrationTest, testInstance = com.talya.searchanalytics.web.AnalyticsControllerIntegrationTest@178f268a, testMethod = [null], testException = [null], mergedContextConfiguration = [WebMergedContextConfiguration@797c3c3b testClass = AnalyticsControllerIntegrationTest, locations = '{}', classes = '{class com.talya.searchanalytics.SearchAnalyticsApplication}', contextInitializerClasses = '[]', activeProfiles = '{}', propertySourceLocations = '{}', propertySourceProperties = '{spring.datasource.url=jdbc:h2:mem:testdb;DB_CLOSE_DELAY=-1, spring.datasource.driver-class-name=org.h2.Driver, spring.datasource.username=sa, spring.datasource.password=, spring.jpa.hibernate.ddl-auto=create-drop, org.springframework.boot.test.context.SpringBootTestContextBootstrapper=true, server.port=0}', contextCustomizers = set[org.springframework.boot.test.context.filter.ExcludeFilterContextCustomizer@3f049056, org.springframework.boot.test.json.DuplicateJsonObjectContextCustomizerFactory$DuplicateJsonObjectContextCustomizer@4d1f1ff5, org.springframework.boot.test.mock.mockito.MockitoContextCustomizer@0, org.springframework.boot.test.web.client.TestRestTemplateContextCustomizer@61af1510, org.springframework.boot.test.autoconfigure.actuate.metrics.MetricsExportContextCustomizerFactory$DisableMetricExportContextCustomizer@47af099e, org.springframework.boot.test.autoconfigure.properties.PropertyMappingContextCustomizer@0, org.springframework.boot.test.autoconfigure.web.servlet.WebDriverContextCustomizerFactory$Customizer@4d192aef, org.springframework.boot.test.context.SpringBootTestArgs@1, org.springframework.boot.test.context.SpringBootTestWebEnvironment@5ef60048], resourceBasePath = 'src/main/webapp', contextLoader = 'org.springframework.boot.test.context.SpringBootContextLoader', parent = [null]], attributes = map['org.springframework.test.context.web.ServletTestExecutionListener.activateListener' -> false, 'org.springframework.test.context.event.ApplicationEventsTestExecutionListener.recordApplicationEvents' -> false]]].

  .   ____          _            __ _ _
 /\\ / ___'_ __ _ _(_)_ __  __ _ \ \ \ \
( ( )\___ | '_ | '_| | '_ \/ _` | \ \ \ \
 \\/  ___)| |_)| | | | | || (_| |  ) ) ) )
  '  |____| .__|_| |_|_| |_\__, | / / / /
 =========|_|==============|___/=/_/_/_/
 :: Spring Boot ::               (v2.7.18)

2025-10-31 16:30:13.966  INFO 25160 --- [           main] t.s.w.AnalyticsControllerIntegrationTest : Starting AnalyticsControllerIntegrationTest using Java 17.0.16 on Taly-LAP with PID 25160 (started by taly in C:\Users\taly\search-analytics-service)
2025-10-31 16:30:13.967 DEBUG 25160 --- [           main] t.s.w.AnalyticsControllerIntegrationTest : Running with Spring Boot v2.7.18, Spring v5.3.31
2025-10-31 16:30:13.969  INFO 25160 --- [           main] t.s.w.AnalyticsControllerIntegrationTest : No active profile set, falling back to 1 default profile: "default"
2025-10-31 16:30:14.877  INFO 25160 --- [           main] .s.d.r.c.RepositoryConfigurationDelegate : Bootstrapping Spring Data JPA repositories in DEFAULT mode.
2025-10-31 16:30:14.965  INFO 25160 --- [           main] .s.d.r.c.RepositoryConfigurationDelegate : Finished Spring Data repository scanning in 75 ms. Found 5 JPA repository interfaces.
2025-10-31 16:30:16.108  INFO 25160 --- [           main] o.s.b.w.embedded.tomcat.TomcatWebServer  : Tomcat initialized with port(s): 0 (http)
2025-10-31 16:30:16.135  INFO 25160 --- [           main] o.apache.catalina.core.StandardService   : Starting service [Tomcat]
2025-10-31 16:30:16.135  INFO 25160 --- [           main] org.apache.catalina.core.StandardEngine  : Starting Servlet engine: [Apache Tomcat/9.0.83]
2025-10-31 16:30:16.433  INFO 25160 --- [           main] o.a.c.c.C.[Tomcat].[localhost].[/]       : Initializing Spring embedded WebApplicationContext
2025-10-31 16:30:16.433  INFO 25160 --- [           main] w.s.c.ServletWebServerApplicationContext : Root WebApplicationContext: initialization completed in 2442 ms
2025-10-31 16:30:16.485  INFO 25160 --- [           main] c.t.s.config.DataSourceFallbackConfig    : Attempting to use configured datasource: jdbc:h2:mem:testdb;DB_CLOSE_DELAY=-1
2025-10-31 16:30:16.503  INFO 25160 --- [           main] com.zaxxer.hikari.HikariDataSource       : HikariPool-1 - Starting...
2025-10-31 16:30:16.816  INFO 25160 --- [           main] com.zaxxer.hikari.HikariDataSource       : HikariPool-1 - Start completed.
2025-10-31 16:30:16.822  INFO 25160 --- [           main] c.t.s.config.DataSourceFallbackConfig    : Successfully obtained connection from configured datasource
2025-10-31 16:30:16.855  INFO 25160 --- [           main] o.s.b.a.h2.H2ConsoleAutoConfiguration    : H2 console available at '/h2'. Database available at 'jdbc:h2:mem:testdb'
2025-10-31 16:30:17.620  INFO 25160 --- [           main] o.hibernate.jpa.internal.util.LogHelper  : HHH000204: Processing PersistenceUnitInfo [name: default]
2025-10-31 16:30:17.788  INFO 25160 --- [           main] org.hibernate.Version                    : HHH000412: Hibernate ORM core version 5.6.15.Final
2025-10-31 16:30:17.893  INFO 25160 --- [           main] o.hibernate.annotations.common.Version   : HCANN000001: Hibernate Commons Annotations {5.1.2.Final}
2025-10-31 16:30:18.087  INFO 25160 --- [           main] org.hibernate.dialect.Dialect            : HHH000400: Using dialect: org.hibernate.dialect.H2Dialect
2025-10-31 16:30:19.002  INFO 25160 --- [           main] o.h.e.t.j.p.i.JtaPlatformInitiator       : HHH000490: Using JtaPlatform implementation: [org.hibernate.engine.transaction.jta.platform.internal.NoJtaPlatform]
2025-10-31 16:30:19.020  INFO 25160 --- [           main] j.LocalContainerEntityManagerFactoryBean : Initialized JPA EntityManagerFactory for persistence unit 'default'
2025-10-31 16:30:20.438  WARN 25160 --- [           main] .s.s.UserDetailsServiceAutoConfiguration : 

Using generated security password: 03a4d4b6-2452-4985-a225-bc9368f298c5

This generated password is for development use only. Your security configuration must be updated before running your application in production.

2025-10-31 16:30:21.201  INFO 25160 --- [           main] o.s.s.web.DefaultSecurityFilterChain     : Will secure any request with [org.springframework.security.web.session.DisableEncodeUrlFilter@2c40e456, org.springframework.security.web.context.request.async.WebAsyncManagerIntegrationFilter@2df40273, org.springframework.security.web.context.SecurityContextPersistenceFilter@5bbeb9e3, org.springframework.security.web.header.HeaderWriterFilter@515a2afd, org.springframework.web.filter.CorsFilter@49467fc6, org.springframework.security.web.authentication.logout.LogoutFilter@18d8da77, org.springframework.security.web.savedrequest.RequestCacheAwareFilter@2dc54b50, org.springframework.security.web.servletapi.SecurityContextHolderAwareRequestFilter@31a9eaa, org.springframework.security.web.authentication.AnonymousAuthenticationFilter@6f28a07e, org.springframework.security.web.session.SessionManagementFilter@2e214d39, org.springframework.security.web.access.ExceptionTranslationFilter@4eb69e8d, org.springframework.security.web.access.intercept.FilterSecurityInterceptor@118d7e0e]
2025-10-31 16:30:21.950  WARN 25160 --- [           main] JpaBaseConfiguration$JpaWebConfiguration : spring.jpa.open-in-view is enabled by default. Therefore, database queries may be performed during view rendering. Explicitly configure spring.jpa.open-in-view to disable this warning
2025-10-31 16:30:24.092  INFO 25160 --- [           main] o.s.b.w.embedded.tomcat.TomcatWebServer  : Tomcat started on port(s): 50734 (http) with context path ''
2025-10-31 16:30:24.118  INFO 25160 --- [           main] t.s.w.AnalyticsControllerIntegrationTest : Started AnalyticsControllerIntegrationTest in 10.633 seconds (JVM running for 14.677)
2025-10-31 16:30:24.480  INFO 25160 --- [o-auto-1-exec-1] o.a.c.c.C.[Tomcat].[localhost].[/]       : Initializing Spring DispatcherServlet 'dispatcherServlet'
2025-10-31 16:30:24.481  INFO 25160 --- [o-auto-1-exec-1] o.s.web.servlet.DispatcherServlet        : Initializing Servlet 'dispatcherServlet'
2025-10-31 16:30:24.482  INFO 25160 --- [o-auto-1-exec-1] o.s.web.servlet.DispatcherServlet        : Completed initialization in 1 ms
]]></system-out>
  </testcase>
</testsuite>